2016-07-24 15:41:01,703 - SnowMicroPynLog - INFO - starting SnowMicroPyn version 0.1.0
2016-07-24 15:41:01,708 - SnowMicroPynLog - INFO - Darwin operating system detected
2016-07-24 15:41:01,708 - SnowMicroPynLog - INFO - using versions: {'SnowMicroPyn': '0.1.0', 'mpl': '1.5.1', 'numpy': '1.11.1', 'wx': '3.0.2.0'}
2016-07-24 15:58:47,539 - SnowMicroPynLog - INFO - starting SnowMicroPyn version 0.1.0
2016-07-24 15:58:47,545 - SnowMicroPynLog - INFO - Darwin operating system detected
2016-07-24 15:58:47,545 - SnowMicroPynLog - INFO - using versions: {'SnowMicroPyn': '0.1.0', 'mpl': '1.5.1', 'numpy': '1.11.1', 'wx': '3.0.2.0'}
2016-07-24 16:00:04,315 - SnowMicroPynLog - INFO - starting SnowMicroPyn version 0.1.0
2016-07-24 16:00:04,321 - SnowMicroPynLog - INFO - Darwin operating system detected
2016-07-24 16:00:04,322 - SnowMicroPynLog - INFO - using versions: {'SnowMicroPyn': '0.1.0', 'mpl': '1.5.1', 'numpy': '1.11.1', 'wx': '3.0.2.0'}
2016-07-24 16:00:33,257 - SnowMicroPynLog - ERROR - Traceback (most recent call last):
2016-07-24 16:00:33,258 - SnowMicroPynLog - ERROR -   File "./src/SnowMicroPyn.py", line 1399, in <module>
2016-07-24 16:00:33,258 - SnowMicroPynLog - ERROR - 0/0
2016-07-24 16:00:33,258 - SnowMicroPynLog - ERROR - ZeroDivisionError
2016-07-24 16:00:33,258 - SnowMicroPynLog - ERROR - :
2016-07-24 16:00:33,259 - SnowMicroPynLog - ERROR - integer division or modulo by zero
2016-07-24 16:12:28,880 - SnowMicroPynLog - INFO - starting SnowMicroPyn version 0.1.1
2016-07-24 16:12:28,886 - SnowMicroPynLog - INFO - Darwin operating system detected
2016-07-24 16:12:28,886 - SnowMicroPynLog - INFO - using versions: {'SnowMicroPyn': '0.1.1', 'mpl': '1.5.1', 'numpy': '1.11.1', 'wx': '3.0.2.0'}
2016-07-24 16:21:27,658 - SnowMicroPynLog - INFO - starting SnowMicroPyn version 0.1.1
2016-07-24 16:21:27,669 - SnowMicroPynLog - INFO - Linux operating system detected
2016-07-24 16:21:27,670 - SnowMicroPynLog - INFO - using versions: {'SnowMicroPyn': '0.1.1', 'mpl': '1.4.3', 'numpy': '1.9.2', 'wx': '2.8.12.0'}
2016-07-24 16:21:27,694 - SnowMicroPynLog - INFO - wx app created
2016-07-24 16:21:31,954 - SnowMicroPynLog - INFO - open files: []
2016-07-24 16:21:32,033 - SnowMicroPynLog - INFO - Selected Files:
2016-07-24 16:21:54,854 - SnowMicroPynLog - INFO - /media/sf_saschagrimm/workspace/pyntreader-code/SnowMicroPyn/src/testdata/S31M0075.pnt
2016-07-24 16:21:54,855 - SnowMicroPynLog - INFO - /media/sf_saschagrimm/workspace/pyntreader-code/SnowMicroPyn/src/testdata/S31M0076.pnt
2016-07-24 16:21:54,930 - SnowMicroPynLog - INFO - Read 145920 bytes in /media/sf_saschagrimm/workspace/pyntreader-code/SnowMicroPyn/src/testdata/S31M0075.pnt
2016-07-24 16:21:54,938 - SnowMicroPynLog - INFO - Read 72600 data points in /media/sf_saschagrimm/workspace/pyntreader-code/SnowMicroPyn/src/testdata/S31M0075.pnt
2016-07-24 16:21:54,938 - SnowMicroPynLog - INFO - 299.995855196
2016-07-24 16:21:54,942 - SnowMicroPynLog - INFO - Could not apply Butterworth filter
2016-07-24 16:21:54,981 - SnowMicroPynLog - INFO - surface: 231.24 mm
2016-07-24 16:21:54,982 - SnowMicroPynLog - INFO - gound :300.00 mm
2016-07-24 16:21:54,996 - SnowMicroPynLog - INFO - Read 195072 bytes in /media/sf_saschagrimm/workspace/pyntreader-code/SnowMicroPyn/src/testdata/S31M0076.pnt
2016-07-24 16:21:55,011 - SnowMicroPynLog - INFO - Read 96800 data points in /media/sf_saschagrimm/workspace/pyntreader-code/SnowMicroPyn/src/testdata/S31M0076.pnt
2016-07-24 16:21:55,015 - SnowMicroPynLog - INFO - 399.995851005
2016-07-24 16:21:55,017 - SnowMicroPynLog - INFO - Could not apply Butterworth filter
2016-07-24 16:21:55,047 - SnowMicroPynLog - INFO - surface: 187.11 mm
2016-07-24 16:21:55,048 - SnowMicroPynLog - INFO - gound :400.00 mm
2016-07-24 16:26:53,328 - SnowMicroPynLog - INFO - starting SnowMicroPyn version 0.1.1
2016-07-24 16:26:53,336 - SnowMicroPynLog - INFO - Linux operating system detected
2016-07-24 16:26:53,337 - SnowMicroPynLog - INFO - using versions: {'SnowMicroPyn': '0.1.1', 'mpl': '1.4.3', 'numpy': '1.9.2', 'wx': '2.8.12.0'}
2016-07-24 16:26:53,347 - SnowMicroPynLog - INFO - wx app created
2016-07-24 16:26:55,028 - SnowMicroPynLog - INFO - open files: []
2016-07-24 16:26:55,051 - SnowMicroPynLog - INFO - Selected Files:
2016-07-24 16:27:08,086 - SnowMicroPynLog - INFO - /media/sf_saschagrimm/workspace/pyntreader-code/SnowMicroPyn/src/testdata/S31M0075.pnt
2016-07-24 16:27:08,087 - SnowMicroPynLog - INFO - /media/sf_saschagrimm/workspace/pyntreader-code/SnowMicroPyn/src/testdata/S31M0076.pnt
2016-07-24 16:27:08,149 - SnowMicroPynLog - INFO - Read 145920 bytes in /media/sf_saschagrimm/workspace/pyntreader-code/SnowMicroPyn/src/testdata/S31M0075.pnt
2016-07-24 16:27:08,156 - SnowMicroPynLog - INFO - Read 72600 data points in /media/sf_saschagrimm/workspace/pyntreader-code/SnowMicroPyn/src/testdata/S31M0075.pnt
2016-07-24 16:27:08,156 - SnowMicroPynLog - INFO - 299.995855196
2016-07-24 16:27:08,163 - SnowMicroPynLog - INFO - Could not apply Butterworth filter
2016-07-24 16:27:08,197 - SnowMicroPynLog - INFO - surface: 231.24 mm
2016-07-24 16:27:08,198 - SnowMicroPynLog - INFO - gound :300.00 mm
2016-07-24 16:27:08,206 - SnowMicroPynLog - INFO - Read 195072 bytes in /media/sf_saschagrimm/workspace/pyntreader-code/SnowMicroPyn/src/testdata/S31M0076.pnt
2016-07-24 16:27:08,216 - SnowMicroPynLog - INFO - Read 96800 data points in /media/sf_saschagrimm/workspace/pyntreader-code/SnowMicroPyn/src/testdata/S31M0076.pnt
2016-07-24 16:27:08,217 - SnowMicroPynLog - INFO - 399.995851005
2016-07-24 16:27:08,220 - SnowMicroPynLog - INFO - Could not apply Butterworth filter
2016-07-24 16:27:08,271 - SnowMicroPynLog - INFO - surface: 187.11 mm
2016-07-24 16:27:08,272 - SnowMicroPynLog - INFO - gound :400.00 mm
2016-07-24 16:29:27,569 - SnowMicroPynLog - INFO - starting SnowMicroPyn version 0.1.1
2016-07-24 16:29:27,577 - SnowMicroPynLog - INFO - Darwin operating system detected
2016-07-24 16:29:27,577 - SnowMicroPynLog - INFO - using versions: {'SnowMicroPyn': '0.1.1', 'mpl': '1.5.1', 'numpy': '1.11.1', 'wx': '3.0.2.0'}
2016-11-07 20:24:34,134 - SnowMicroPynLog - INFO - starting SnowMicroPyn version 0.1.1
2016-11-07 20:24:34,149 - SnowMicroPynLog - INFO - Darwin operating system detected
2016-11-07 20:24:34,149 - SnowMicroPynLog - INFO - using versions: {'SnowMicroPyn': '0.1.1', 'mpl': '1.5.1', 'numpy': '1.11.2', 'wx': '3.0.2.0'}
